<?xml version="1.0" encoding="UTF-8"?>
<!-- Generated by org.testng.reporters.JUnitReportReporter -->
<testsuite hostname="yasher-PC" name="gitTest.GitTest" tests="1" failures="0" timestamp="4 Sep 2019 07:49:49 GMT" time="82.971" errors="0">
  <testcase name="loginTest" time="82.971" classname="gitTest.GitTest"/>
</testsuite> <!-- gitTest.GitTest -->
